This is pdfTeX, Version 3.14159265-2.6-1.40.21 (TeX Live 2020/Debian) (preloaded format=pdflatex 2021.8.12)  2 SEP 2021 06:41
entering extended mode
 restricted \write18 enabled.
 file:line:error style messages enabled.
 %&-line parsing enabled.
**/home/estevao/Projetos/Pendulum/Relatório/Projeto1.tex
(/home/estevao/Projetos/Pendulum/Relatório/Projeto1.tex
LaTeX2e <2020-10-01> patch level 4
L3 programming layer <2021-01-09> xparse <2020-03-03> (/usr/share/texlive/texmf-dist/tex/latex/base/article.cls
Document Class: article 2020/04/10 v1.4m Standard LaTeX document class
(/usr/share/texlive/texmf-dist/tex/latex/base/size12.clo
File: size12.clo 2020/04/10 v1.4m Standard LaTeX file (size option)
)
\c@part=\count177
\c@section=\count178
\c@subsection=\count179
\c@subsubsection=\count180
\c@paragraph=\count181
\c@subparagraph=\count182
\c@figure=\count183
\c@table=\count184
\abovecaptionskip=\skip47
\belowcaptionskip=\skip48
\bibindent=\dimen138
) (/usr/share/texlive/texmf-dist/tex/latex/base/inputenc.sty
Package: inputenc 2020/08/01 v1.3d Input encoding file
\inpenc@prehook=\toks15
\inpenc@posthook=\toks16
) (/usr/share/texlive/texmf-dist/tex/generic/babel/babel.sty
Package: babel 2021/01/26 3.53 The Babel package
 (/usr/share/texlive/texmf-dist/tex/generic/babel/babel.def
File: babel.def 2021/01/26 3.53 Babel common definitions
\babel@savecnt=\count185
\U@D=\dimen139
\l@babelnohyphens=\language86
 (/usr/share/texlive/texmf-dist/tex/generic/babel/txtbabel.def)
\bbl@readstream=\read2
)
\bbl@dirlevel=\count186
 (/usr/share/texlive/texmf-dist/tex/generic/babel-portuges/brazil.ldf
Language: portuges 2020/05/04 v1.2r Portuguese support from the babel system
Package babel Info: \l@brazil = using hyphenrules for portuguese
(babel)             (\language32) on input line 111.
Package babel Info: Making " an active character on input line 143.
)) (/usr/share/texlive/texmf-dist/tex/latex/tools/indentfirst.sty
Package: indentfirst 1995/11/23 v1.03 Indent first paragraph (DPC)
) (/usr/share/texlive/texmf-dist/tex/latex/setspace/setspace.sty
Package: setspace 2011/12/19 v6.7a set line spacing
) (/usr/share/texlive/texmf-dist/tex/latex/geometry/geometry.sty
Package: geometry 2020/01/02 v5.9 Page Geometry
 (/usr/share/texlive/texmf-dist/tex/latex/graphics/keyval.sty
Package: keyval 2014/10/28 v1.15 key=value parser (DPC)
\KV@toks@=\toks17
) (/usr/share/texlive/texmf-dist/tex/generic/iftex/ifvtex.sty
Package: ifvtex 2019/10/25 v1.7 ifvtex legacy package. Use iftex instead.
 (/usr/share/texlive/texmf-dist/tex/generic/iftex/iftex.sty
Package: iftex 2020/03/06 v1.0d TeX engine tests
))
\Gm@cnth=\count187
\Gm@cntv=\count188
\c@Gm@tempcnt=\count189
\Gm@bindingoffset=\dimen140
\Gm@wd@mp=\dimen141
\Gm@odd@mp=\dimen142
\Gm@even@mp=\dimen143
\Gm@layoutwidth=\dimen144
\Gm@layoutheight=\dimen145
\Gm@layouthoffset=\dimen146
\Gm@layoutvoffset=\dimen147
\Gm@dimlist=\toks18
) (/usr/share/texlive/texmf-dist/tex/latex/xcolor/xcolor.sty
Package: xcolor 2016/05/11 v2.12 LaTeX color extensions (UK)
 (/usr/share/texlive/texmf-dist/tex/latex/graphics-cfg/color.cfg
File: color.cfg 2016/01/02 v1.6 sample color configuration
)
Package xcolor Info: Package option `usenames' ignored on input line 216.
Package xcolor Info: Package option `dvipnames' ignored on input line 216.
Package xcolor Info: Driver file: pdftex.def on input line 225.
 (/usr/share/texlive/texmf-dist/tex/latex/graphics-def/pdftex.def
File: pdftex.def 2020/10/05 v1.2a Graphics/color driver for pdftex
)
Package xcolor Info: Model `cmy' substituted by `cmy0' on input line 1348.
Package xcolor Info: Model `hsb' substituted by `rgb' on input line 1352.
Package xcolor Info: Model `RGB' extended on input line 1364.
Package xcolor Info: Model `HTML' substituted by `rgb' on input line 1366.
Package xcolor Info: Model `Hsb' substituted by `hsb' on input line 1367.
Package xcolor Info: Model `tHsb' substituted by `hsb' on input line 1368.
Package xcolor Info: Model `HSB' substituted by `hsb' on input line 1369.
Package xcolor Info: Model `Gray' substituted by `gray' on input line 1370.
Package xcolor Info: Model `wave' substituted by `hsb' on input line 1371.
) (/usr/share/texlive/texmf-dist/tex/latex/graphics/graphicx.sty
Package: graphicx 2020/09/09 v1.2b Enhanced LaTeX Graphics (DPC,SPQR)
 (/usr/share/texlive/texmf-dist/tex/latex/graphics/graphics.sty
Package: graphics 2020/08/30 v1.4c Standard LaTeX Graphics (DPC,SPQR)
 (/usr/share/texlive/texmf-dist/tex/latex/graphics/trig.sty
Package: trig 2016/01/03 v1.10 sin cos tan (DPC)
) (/usr/share/texlive/texmf-dist/tex/latex/graphics-cfg/graphics.cfg
File: graphics.cfg 2016/06/04 v1.11 sample graphics configuration
)
Package graphics Info: Driver file: pdftex.def on input line 105.
)
\Gin@req@height=\dimen148
\Gin@req@width=\dimen149
) (/usr/share/texlive/texmf-dist/tex/latex/float/float.sty
Package: float 2001/11/08 v1.3d Float enhancements (AL)
\c@float@type=\count190
\float@exts=\toks19
\float@box=\box47
\@float@everytoks=\toks20
\@floatcapt=\box48
) (/usr/share/texlive/texmf-dist/tex/latex/multirow/multirow.sty
Package: multirow 2021/01/29 v2.7 Span multiple rows of a table
\multirow@colwidth=\skip49
\multirow@cntb=\count191
\multirow@dima=\skip50
\bigstrutjot=\dimen150
) (/usr/share/texlive/texmf-dist/tex/latex/tools/tabularx.sty
Package: tabularx 2020/01/15 v2.11c `tabularx' package (DPC)
 (/usr/share/texlive/texmf-dist/tex/latex/tools/array.sty
Package: array 2020/10/01 v2.5c Tabular extension package (FMi)
\col@sep=\dimen151
\ar@mcellbox=\box49
\extrarowheight=\dimen152
\NC@list=\toks21
\extratabsurround=\skip51
\backup@length=\skip52
\ar@cellbox=\box50
)
\TX@col@width=\dimen153
\TX@old@table=\dimen154
\TX@old@col=\dimen155
\TX@target=\dimen156
\TX@delta=\dimen157
\TX@cols=\count192
\TX@ftn=\toks22
) (/usr/share/texlive/texmf-dist/tex/latex/amsmath/amsmath.sty
Package: amsmath 2020/09/23 v2.17i AMS math features
\@mathmargin=\skip53

For additional information on amsmath, use the `?' option.
(/usr/share/texlive/texmf-dist/tex/latex/amsmath/amstext.sty
Package: amstext 2000/06/29 v2.01 AMS text
 (/usr/share/texlive/texmf-dist/tex/latex/amsmath/amsgen.sty
File: amsgen.sty 1999/11/30 v2.0 generic functions
\@emptytoks=\toks23
\ex@=\dimen158
)) (/usr/share/texlive/texmf-dist/tex/latex/amsmath/amsbsy.sty
Package: amsbsy 1999/11/29 v1.2d Bold Symbols
\pmbraise@=\dimen159
) (/usr/share/texlive/texmf-dist/tex/latex/amsmath/amsopn.sty
Package: amsopn 2016/03/08 v2.02 operator names
)
\inf@bad=\count193
LaTeX Info: Redefining \frac on input line 234.
\uproot@=\count194
\leftroot@=\count195
LaTeX Info: Redefining \overline on input line 399.
\classnum@=\count196
\DOTSCASE@=\count197
LaTeX Info: Redefining \ldots on input line 496.
LaTeX Info: Redefining \dots on input line 499.
LaTeX Info: Redefining \cdots on input line 620.
\Mathstrutbox@=\box51
\strutbox@=\box52
\big@size=\dimen160
LaTeX Font Info:    Redeclaring font encoding OML on input line 743.
LaTeX Font Info:    Redeclaring font encoding OMS on input line 744.
\macc@depth=\count198
\c@MaxMatrixCols=\count199
\dotsspace@=\muskip16
\c@parentequation=\count266
\dspbrk@lvl=\count267
\tag@help=\toks24
\row@=\count268
\column@=\count269
\maxfields@=\count270
\andhelp@=\toks25
\eqnshift@=\dimen161
\alignsep@=\dimen162
\tagshift@=\dimen163
\tagwidth@=\dimen164
\totwidth@=\dimen165
\lineht@=\dimen166
\@envbody=\toks26
\multlinegap=\skip54
\multlinetaggap=\skip55
\mathdisplay@stack=\toks27
LaTeX Info: Redefining \[ on input line 2923.
LaTeX Info: Redefining \] on input line 2924.
) (/usr/share/texlive/texmf-dist/tex/latex/natbib/natbib.sty
Package: natbib 2010/09/13 8.31b (PWD, AO)
\bibhang=\skip56
\bibsep=\skip57
LaTeX Info: Redefining \cite on input line 694.
\c@NAT@ctr=\count271
) (/usr/share/texlive/texmf-dist/tex/latex/physics/physics.sty
Package: physics 
 (/usr/share/texlive/texmf-dist/tex/latex/l3packages/xparse/xparse.sty (/usr/share/texlive/texmf-dist/tex/latex/l3kernel/expl3.sty
Package: expl3 2021-01-09 L3 programming layer (loader) 
 (/usr/share/texlive/texmf-dist/tex/latex/l3backend/l3backend-pdftex.def
File: l3backend-pdftex.def 2020-01-29 L3 backend support: PDF output (pdfTeX)
\l__color_backend_stack_int=\count272
\l__pdf_internal_box=\box53
))
Package: xparse 2020-10-27 L3 Experimental document command parser
 (/usr/share/texlive/texmf-dist/tex/latex/l3packages/xparse/xparse-generic.tex))) (/usr/share/texlive/texmf-dist/tex/latex/amsfonts/amssymb.sty
Package: amssymb 2013/01/14 v3.01 AMS font symbols
 (/usr/share/texlive/texmf-dist/tex/latex/amsfonts/amsfonts.sty
Package: amsfonts 2013/01/14 v3.01 Basic AMSFonts support
\symAMSa=\mathgroup4
\symAMSb=\mathgroup5
LaTeX Font Info:    Redeclaring math symbol \hbar on input line 98.
LaTeX Font Info:    Overwriting math alphabet `\mathfrak' in version `bold'
(Font)                  U/euf/m/n --> U/euf/b/n on input line 106.
)) (/usr/share/texlive/texmf-dist/tex/latex/mathtools/mathtools.sty
Package: mathtools 2020/03/24 v1.24 mathematical typesetting tools
 (/usr/share/texlive/texmf-dist/tex/latex/tools/calc.sty
Package: calc 2017/05/25 v4.3 Infix arithmetic (KKT,FJ)
\calc@Acount=\count273
\calc@Bcount=\count274
\calc@Adimen=\dimen167
\calc@Bdimen=\dimen168
\calc@Askip=\skip58
\calc@Bskip=\skip59
LaTeX Info: Redefining \setlength on input line 80.
LaTeX Info: Redefining \addtolength on input line 81.
\calc@Ccount=\count275
\calc@Cskip=\skip60
) (/usr/share/texlive/texmf-dist/tex/latex/mathtools/mhsetup.sty
Package: mhsetup 2017/03/31 v1.3 programming setup (MH)
)
LaTeX Info: Thecontrolsequence`\('isalreadyrobust on input line 130.
LaTeX Info: Thecontrolsequence`\)'isalreadyrobust on input line 130.
LaTeX Info: Thecontrolsequence`\['isalreadyrobust on input line 130.
LaTeX Info: Thecontrolsequence`\]'isalreadyrobust on input line 130.
\g_MT_multlinerow_int=\count276
\l_MT_multwidth_dim=\dimen169
\origjot=\skip61
\l_MT_shortvdotswithinadjustabove_dim=\dimen170
\l_MT_shortvdotswithinadjustbelow_dim=\dimen171
\l_MT_above_intertext_sep=\dimen172
\l_MT_below_intertext_sep=\dimen173
\l_MT_above_shortintertext_sep=\dimen174
\l_MT_below_shortintertext_sep=\dimen175
\xmathstrut@box=\box54
\xmathstrut@dim=\dimen176
) (/usr/share/texlive/texmf-dist/tex/latex/listings/listings.sty
\lst@mode=\count277
\lst@gtempboxa=\box55
\lst@token=\toks28
\lst@length=\count278
\lst@currlwidth=\dimen177
\lst@column=\count279
\lst@pos=\count280
\lst@lostspace=\dimen178
\lst@width=\dimen179
\lst@newlines=\count281
\lst@lineno=\count282
\lst@maxwidth=\dimen180
 (/usr/share/texlive/texmf-dist/tex/latex/listings/lstmisc.sty
File: lstmisc.sty 2020/03/24 1.8d (Carsten Heinz)
\c@lstnumber=\count283
\lst@skipnumbers=\count284
\lst@framebox=\box56
) (/usr/share/texlive/texmf-dist/tex/latex/listings/listings.cfg
File: listings.cfg 2020/03/24 1.8d listings configuration
))
Package: listings 2020/03/24 1.8d (Carsten Heinz)
 (/usr/share/texlive/texmf-dist/tex/latex/newtxtt/newtxtt.sty
Package: newtxtt 2014/12/23 v1.051
 `newtxtt' v1.051, 2014/12/23 Typewriter text macros based on txfonts (msharpe) (/usr/share/texlive/texmf-dist/tex/latex/base/fontenc.sty
Package: fontenc 2020/08/10 v2.0s Standard LaTeX package
) (/usr/share/texlive/texmf-dist/tex/latex/base/textcomp.sty
Package: textcomp 2020/02/02 v2.0n Standard LaTeX package
)
LaTeX Font Info:    Setting newtxtt sub-encoding to TS1/0 on input line 9.
LaTeX Font Info:    Setting newtxttz sub-encoding to TS1/0 on input line 10.
 (/usr/share/texlive/texmf-dist/tex/latex/xkeyval/xkeyval.sty
Package: xkeyval 2020/11/20 v2.8 package option processing (HA)
 (/usr/share/texlive/texmf-dist/tex/generic/xkeyval/xkeyval.tex (/usr/share/texlive/texmf-dist/tex/generic/xkeyval/xkvutils.tex
\XKV@toks=\toks29
\XKV@tempa@toks=\toks30
)
\XKV@depth=\count285
File: xkeyval.tex 2014/12/03 v2.7a key=value parser (HA)
)))
\@input{pgf.aux}
\openout2 = `pgf.aux'.

(/usr/share/texlive/texmf-dist/tex/plain/pgf/basiclayer/pgf.tex (/usr/share/texlive/texmf-dist/tex/plain/pgf/utilities/pgfrcs.tex (/usr/share/texlive/texmf-dist/tex/generic/pgf/utilities/pgfutil-common.tex
\pgfutil@everybye=\toks31
\pgfutil@tempdima=\dimen181
\pgfutil@tempdimb=\dimen182
 (/usr/share/texlive/texmf-dist/tex/generic/pgf/utilities/pgfutil-common-lists.tex)) (/usr/share/texlive/texmf-dist/tex/generic/pgf/utilities/pgfutil-plain.def
\pgfutil@tempcnta=\count286
\pgfutil@tempcntb=\count287
\pgfutil@tempboxa=\box57
\pgfutil@flushglue=\skip62
\pgfutil@abb=\box58
 (/usr/share/texlive/texmf-dist/tex/generic/atbegshi/atbegshi.sty

LaTeX Warning: You have requested package `',
               but the package provides `atbegshi'.

Package: atbegshi 2019/12/05 v1.19 At begin shipout hook (HO)
(/usr/share/texlive/texmf-dist/tex/generic/infwarerr/infwarerr.sty
Package: infwarerr 2019/12/03 v1.5 Providing info/warning/error messages (HO)
) (/usr/share/texlive/texmf-dist/tex/generic/ltxcmds/ltxcmds.sty
Package: ltxcmds 2020-05-10 v1.25 LaTeX kernel commands for general use (HO)
))) (/usr/share/texlive/texmf-dist/tex/generic/pgf/utilities/pgfrcs.code.tex (/usr/share/texlive/texmf-dist/tex/generic/pgf/pgf.revision.tex)

LaTeX Warning: You have requested package `',
               but the package provides `pgfrcs'.

Package: pgfrcs 2020/12/27 v3.1.8b (3.1.8b)
))

LaTeX Warning: You have requested package `',
               but the package provides `pgf'.

Package: pgf 2020/12/27 v3.1.8b (3.1.8b)
(/usr/share/texlive/texmf-dist/tex/plain/pgf/basiclayer/pgfcore.tex (/usr/share/texlive/texmf-dist/tex/plain/pgf/systemlayer/pgfsys.tex (/usr/share/texlive/texmf-dist/tex/plain/pgf/utilities/pgfrcs.tex) (/usr/share/texlive/texmf-dist/tex/generic/pgf/systemlayer/pgfsys.code.tex

LaTeX Warning: You have requested package `',
               but the package provides `pgfsys'.

Package: pgfsys 2020/12/27 v3.1.8b (3.1.8b)
(/usr/share/texlive/texmf-dist/tex/generic/pgf/utilities/pgfkeys.code.tex
\pgfkeys@pathtoks=\toks32
\pgfkeys@temptoks=\toks33
 (/usr/share/texlive/texmf-dist/tex/generic/pgf/utilities/pgfkeysfiltered.code.tex
\pgfkeys@tmptoks=\toks34
))
\pgf@x=\dimen183
\pgf@y=\dimen184
\pgf@xa=\dimen185
\pgf@ya=\dimen186
\pgf@xb=\dimen187
\pgf@yb=\dimen188
\pgf@xc=\dimen189
\pgf@yc=\dimen190
\pgf@xd=\dimen191
\pgf@yd=\dimen192
\w@pgf@writea=\write3
\r@pgf@reada=\read3
\c@pgf@counta=\count288
\c@pgf@countb=\count289
\c@pgf@countc=\count290
\c@pgf@countd=\count291
\t@pgf@toka=\toks35
\t@pgf@tokb=\toks36
\t@pgf@tokc=\toks37
\pgf@sys@id@count=\count292
 (/usr/share/texlive/texmf-dist/tex/generic/pgf/systemlayer/pgf.cfg
File: pgf.cfg 2020/12/27 v3.1.8b (3.1.8b)
)
Driver file for pgf: pgfsys-pdftex.def
 (/usr/share/texlive/texmf-dist/tex/generic/pgf/systemlayer/pgfsys-pdftex.def
File: pgfsys-pdftex.def 2020/12/27 v3.1.8b (3.1.8b)
 (/usr/share/texlive/texmf-dist/tex/generic/pgf/systemlayer/pgfsys-common-pdf.def
File: pgfsys-common-pdf.def 2020/12/27 v3.1.8b (3.1.8b)
)) (/home/estevao/Projetos/Pendulum/Relatório/Projeto1.pgf)
\pgfutil@auxout=\write4
\openout4 = `Projeto1.pgf'.

) (/usr/share/texlive/texmf-dist/tex/generic/pgf/systemlayer/pgfsyssoftpath.code.tex
File: pgfsyssoftpath.code.tex 2020/12/27 v3.1.8b (3.1.8b)
\pgfsyssoftpath@smallbuffer@items=\count293
\pgfsyssoftpath@bigbuffer@items=\count294
) (/usr/share/texlive/texmf-dist/tex/generic/pgf/systemlayer/pgfsysprotocol.code.tex
File: pgfsysprotocol.code.tex 2020/12/27 v3.1.8b (3.1.8b)
)) (/usr/share/texlive/texmf-dist/tex/generic/pgf/basiclayer/pgfcore.code.tex

LaTeX Warning: You have requested package `',
               but the package provides `pgfcore'.

Package: pgfcore 2020/12/27 v3.1.8b (3.1.8b)
(/usr/share/texlive/texmf-dist/tex/generic/pgf/math/pgfmath.code.tex (/usr/share/texlive/texmf-dist/tex/generic/pgf/math/pgfmathcalc.code.tex (/usr/share/texlive/texmf-dist/tex/generic/pgf/math/pgfmathutil.code.tex) (/usr/share/texlive/texmf-dist/tex/generic/pgf/math/pgfmathparser.code.tex
\pgfmath@dimen=\dimen193
\pgfmath@count=\count295
\pgfmath@box=\box59
\pgfmath@toks=\toks38
\pgfmath@stack@operand=\toks39
\pgfmath@stack@operation=\toks40
) (/usr/share/texlive/texmf-dist/tex/generic/pgf/math/pgfmathfunctions.code.tex (/usr/share/texlive/texmf-dist/tex/generic/pgf/math/pgfmathfunctions.basic.code.tex) (/usr/share/texlive/texmf-dist/tex/generic/pgf/math/pgfmathfunctions.trigonometric.code.tex) (/usr/share/texlive/texmf-dist/tex/generic/pgf/math/pgfmathfunctions.random.code.tex) (/usr/share/texlive/texmf-dist/tex/generic/pgf/math/pgfmathfunctions.comparison.code.tex) (/usr/share/texlive/texmf-dist/tex/generic/pgf/math/pgfmathfunctions.base.code.tex) (/usr/share/texlive/texmf-dist/tex/generic/pgf/math/pgfmathfunctions.round.code.tex) (/usr/share/texlive/texmf-dist/tex/generic/pgf/math/pgfmathfunctions.misc.code.tex) (/usr/share/texlive/texmf-dist/tex/generic/pgf/math/pgfmathfunctions.integerarithmetics.code.tex))) (/usr/share/texlive/texmf-dist/tex/generic/pgf/math/pgfmathfloat.code.tex
\c@pgfmathroundto@lastzeros=\count296
)) (/usr/share/texlive/texmf-dist/tex/generic/pgf/math/pgfint.code.tex) (/usr/share/texlive/texmf-dist/tex/generic/pgf/basiclayer/pgfcorepoints.code.tex
File: pgfcorepoints.code.tex 2020/12/27 v3.1.8b (3.1.8b)
\pgf@picminx=\dimen194
\pgf@picmaxx=\dimen195
\pgf@picminy=\dimen196
\pgf@picmaxy=\dimen197
\pgf@pathminx=\dimen198
\pgf@pathmaxx=\dimen199
\pgf@pathminy=\dimen256
\pgf@pathmaxy=\dimen257
\pgf@xx=\dimen258
\pgf@xy=\dimen259
\pgf@yx=\dimen260
\pgf@yy=\dimen261
\pgf@zx=\dimen262
\pgf@zy=\dimen263
) (/usr/share/texlive/texmf-dist/tex/generic/pgf/basiclayer/pgfcorepathconstruct.code.tex
File: pgfcorepathconstruct.code.tex 2020/12/27 v3.1.8b (3.1.8b)
\pgf@path@lastx=\dimen264
\pgf@path@lasty=\dimen265
) (/usr/share/texlive/texmf-dist/tex/generic/pgf/basiclayer/pgfcorepathusage.code.tex
File: pgfcorepathusage.code.tex 2020/12/27 v3.1.8b (3.1.8b)
\pgf@shorten@end@additional=\dimen266
\pgf@shorten@start@additional=\dimen267
) (/usr/share/texlive/texmf-dist/tex/generic/pgf/basiclayer/pgfcorescopes.code.tex
File: pgfcorescopes.code.tex 2020/12/27 v3.1.8b (3.1.8b)
\pgfpic=\box60
\pgf@hbox=\box61
\pgf@layerbox@main=\box62
\pgf@picture@serial@count=\count297
) (/usr/share/texlive/texmf-dist/tex/generic/pgf/basiclayer/pgfcoregraphicstate.code.tex
File: pgfcoregraphicstate.code.tex 2020/12/27 v3.1.8b (3.1.8b)
\pgflinewidth=\dimen268
) (/usr/share/texlive/texmf-dist/tex/generic/pgf/basiclayer/pgfcoretransformations.code.tex
File: pgfcoretransformations.code.tex 2020/12/27 v3.1.8b (3.1.8b)
\pgf@pt@x=\dimen269
\pgf@pt@y=\dimen270
\pgf@pt@temp=\dimen271
) (/usr/share/texlive/texmf-dist/tex/generic/pgf/basiclayer/pgfcorequick.code.tex
File: pgfcorequick.code.tex 2020/12/27 v3.1.8b (3.1.8b)
) (/usr/share/texlive/texmf-dist/tex/generic/pgf/basiclayer/pgfcoreobjects.code.tex
File: pgfcoreobjects.code.tex 2020/12/27 v3.1.8b (3.1.8b)
) (/usr/share/texlive/texmf-dist/tex/generic/pgf/basiclayer/pgfcorepathprocessing.code.tex
File: pgfcorepathprocessing.code.tex 2020/12/27 v3.1.8b (3.1.8b)
) (/usr/share/texlive/texmf-dist/tex/generic/pgf/basiclayer/pgfcorearrows.code.tex
File: pgfcorearrows.code.tex 2020/12/27 v3.1.8b (3.1.8b)
\pgfarrowsep=\dimen272
) (/usr/share/texlive/texmf-dist/tex/generic/pgf/basiclayer/pgfcoreshade.code.tex
File: pgfcoreshade.code.tex 2020/12/27 v3.1.8b (3.1.8b)
\pgf@max=\dimen273
\pgf@sys@shading@range@num=\count298
\pgf@shadingcount=\count299
) (/usr/share/texlive/texmf-dist/tex/generic/pgf/basiclayer/pgfcoreimage.code.tex
File: pgfcoreimage.code.tex 2020/12/27 v3.1.8b (3.1.8b)
 (/usr/share/texlive/texmf-dist/tex/generic/pgf/basiclayer/pgfcoreexternal.code.tex
File: pgfcoreexternal.code.tex 2020/12/27 v3.1.8b (3.1.8b)
\pgfexternal@startupbox=\box63
)) (/usr/share/texlive/texmf-dist/tex/generic/pgf/basiclayer/pgfcorelayers.code.tex
File: pgfcorelayers.code.tex 2020/12/27 v3.1.8b (3.1.8b)
) (/usr/share/texlive/texmf-dist/tex/generic/pgf/basiclayer/pgfcoretransparency.code.tex
File: pgfcoretransparency.code.tex 2020/12/27 v3.1.8b (3.1.8b)
) (/usr/share/texlive/texmf-dist/tex/generic/pgf/basiclayer/pgfcorepatterns.code.tex
File: pgfcorepatterns.code.tex 2020/12/27 v3.1.8b (3.1.8b)
) (/usr/share/texlive/texmf-dist/tex/generic/pgf/basiclayer/pgfcorerdf.code.tex
File: pgfcorerdf.code.tex 2020/12/27 v3.1.8b (3.1.8b)
))) (/usr/share/texlive/texmf-dist/tex/generic/pgf/modules/pgfmoduleshapes.code.tex
File: pgfmoduleshapes.code.tex 2020/12/27 v3.1.8b (3.1.8b)
\pgfnodeparttextbox=\box64
) (/usr/share/texlive/texmf-dist/tex/generic/pgf/modules/pgfmoduleplot.code.tex
File: pgfmoduleplot.code.tex 2020/12/27 v3.1.8b (3.1.8b)
)) (/home/estevao/Projetos/Pendulum/Relatório/Projeto1.aux)
\openout1 = `Projeto1.aux'.

LaTeX Font Info:    Checking defaults for OML/cmm/m/it on input line 31.
LaTeX Font Info:    ... okay on input line 31.
LaTeX Font Info:    Checking defaults for OMS/cmsy/m/n on input line 31.
LaTeX Font Info:    ... okay on input line 31.
LaTeX Font Info:    Checking defaults for OT1/cmr/m/n on input line 31.
LaTeX Font Info:    ... okay on input line 31.
LaTeX Font Info:    Checking defaults for T1/cmr/m/n on input line 31.
LaTeX Font Info:    ... okay on input line 31.
LaTeX Font Info:    Checking defaults for TS1/cmr/m/n on input line 31.
LaTeX Font Info:    ... okay on input line 31.
LaTeX Font Info:    Checking defaults for OMX/cmex/m/n on input line 31.
LaTeX Font Info:    ... okay on input line 31.
LaTeX Font Info:    Checking defaults for U/cmr/m/n on input line 31.
LaTeX Font Info:    ... okay on input line 31.

*geometry* driver: auto-detecting
*geometry* detected driver: pdftex
*geometry* verbose mode - [ preamble ] result:
* driver: pdftex
* paper: a4paper
* layout: <same size as paper>
* layoutoffset:(h,v)=(0.0pt,0.0pt)
* modes: 
* h-part:(L,W,R)=(56.9055pt, 483.69687pt, 56.9055pt)
* v-part:(T,H,B)=(56.9055pt, 731.23584pt, 56.9055pt)
* \paperwidth=597.50787pt
* \paperheight=845.04684pt
* \textwidth=483.69687pt
* \textheight=731.23584pt
* \oddsidemargin=-15.36449pt
* \evensidemargin=-15.36449pt
* \topmargin=-52.36449pt
* \headheight=12.0pt
* \headsep=25.0pt
* \topskip=12.0pt
* \footskip=30.0pt
* \marginparwidth=44.0pt
* \marginparsep=10.0pt
* \columnsep=10.0pt
* \skip\footins=10.8pt plus 4.0pt minus 2.0pt
* \hoffset=0.0pt
* \voffset=0.0pt
* \mag=1000
* \@twocolumnfalse
* \@twosidefalse
* \@mparswitchfalse
* \@reversemarginfalse
* (1in=72.27pt=25.4mm, 1cm=28.453pt)

(/usr/share/texlive/texmf-dist/tex/context/base/mkii/supp-pdf.mkii
[Loading MPS to PDF converter (version 2006.09.02).]
\scratchcounter=\count300
\scratchdimen=\dimen274
\scratchbox=\box65
\nofMPsegments=\count301
\nofMParguments=\count302
\everyMPshowfont=\toks41
\MPscratchCnt=\count303
\MPscratchDim=\dimen275
\MPnumerator=\count304
\makeMPintoPDFobject=\count305
\everyMPtoPDFconversion=\toks42
) (/usr/share/texlive/texmf-dist/tex/latex/epstopdf-pkg/epstopdf-base.sty
Package: epstopdf-base 2020-01-24 v2.11 Base part for package epstopdf
Package epstopdf-base Info: Redefining graphics rule for `.eps' on input line 485.
 (/usr/share/texlive/texmf-dist/tex/latex/latexconfig/epstopdf-sys.cfg
File: epstopdf-sys.cfg 2010/07/13 v1.3 Configuration of (r)epstopdf for TeX Live
))
\c@lstlisting=\count306
\AtBeginShipoutBox=\box66
LaTeX Font Info:    Trying to load font information for U+msa on input line 37.
 (/usr/share/texlive/texmf-dist/tex/latex/amsfonts/umsa.fd
File: umsa.fd 2013/01/14 v3.01 AMS symbols A
)
LaTeX Font Info:    Trying to load font information for U+msb on input line 37.
 (/usr/share/texlive/texmf-dist/tex/latex/amsfonts/umsb.fd
File: umsb.fd 2013/01/14 v3.01 AMS symbols B
)
pdfTeX warning (\pdfobj): invalid object number being ignored

pdfTeX warning (\pdfobj): invalid object number being ignored

pdfTeX warning (\pdfobj): invalid object number being ignored
[1




{/var/lib/texmf/fonts/map/pdftex/updmap/pdftex.map}]
pdfTeX warning (\pdfobj): invalid object number being ignored

pdfTeX warning (\pdfobj): invalid object number being ignored

pdfTeX warning (\pdfobj): invalid object number being ignored

pdfTeX warning (\pdfobj): invalid object number being ignored

pdfTeX warning (\pdfobj): invalid object number being ignored

pdfTeX warning (\pdfobj): invalid object number being ignored

pdfTeX warning (\pdfobj): invalid object number being ignored

pdfTeX warning (\pdfobj): invalid object number being ignored

pdfTeX warning (\pdfobj): invalid object number being ignored

pdfTeX warning (\pdfobj): invalid object number being ignored

pdfTeX warning (\pdfobj): invalid object number being ignored

pdfTeX warning (\pdfobj): invalid object number being ignored

pdfTeX warning (\pdfobj): invalid object number being ignored

pdfTeX warning (\pdfobj): invalid object number being ignored

pdfTeX warning (\pdfobj): invalid object number being ignored

pdfTeX warning (\pdfobj): invalid object number being ignored

pdfTeX warning (\pdfobj): invalid object number being ignored

pdfTeX warning (\pdfobj): invalid object number being ignored

pdfTeX warning (\pdfobj): invalid object number being ignored

pdfTeX warning (\pdfobj): invalid object number being ignored

pdfTeX warning (\pdfobj): invalid object number being ignored

pdfTeX warning (\pdfobj): invalid object number being ignored

pdfTeX warning (\pdfobj): invalid object number being ignored

pdfTeX warning (\pdfobj): invalid object number being ignored

pdfTeX warning (\pdfobj): invalid object number being ignored

pdfTeX warning (\pdfobj): invalid object number being ignored

pdfTeX warning (\pdfobj): invalid object number being ignored
[1]
pdfTeX warning (\pdfobj): invalid object number being ignored

pdfTeX warning (\pdfobj): invalid object number being ignored

pdfTeX warning (\pdfobj): invalid object number being ignored

pdfTeX warning (\pdfobj): invalid object number being ignored

pdfTeX warning (\pdfobj): invalid object number being ignored

pdfTeX warning (\pdfobj): invalid object number being ignored

pdfTeX warning (\pdfobj): invalid object number being ignored

pdfTeX warning (\pdfobj): invalid object number being ignored

pdfTeX warning (\pdfobj): invalid object number being ignored

pdfTeX warning (\pdfobj): invalid object number being ignored

pdfTeX warning (\pdfobj): invalid object number being ignored

pdfTeX warning (\pdfobj): invalid object number being ignored

pdfTeX warning (\pdfobj): invalid object number being ignored

pdfTeX warning (\pdfobj): invalid object number being ignored

pdfTeX warning (\pdfobj): invalid object number being ignored

pdfTeX warning (\pdfobj): invalid object number being ignored

pdfTeX warning (\pdfobj): invalid object number being ignored

pdfTeX warning (\pdfobj): invalid object number being ignored

pdfTeX warning (\pdfobj): invalid object number being ignored

pdfTeX warning (\pdfobj): invalid object number being ignored

pdfTeX warning (\pdfobj): invalid object number being ignored

pdfTeX warning (\pdfobj): invalid object number being ignored

pdfTeX warning (\pdfobj): invalid object number being ignored

pdfTeX warning (\pdfobj): invalid object number being ignored

pdfTeX warning (\pdfobj): invalid object number being ignored

pdfTeX warning (\pdfobj): invalid object number being ignored

pdfTeX warning (\pdfobj): invalid object number being ignored
[2]
<1024px-Euler_method.png, id=84, 1027.84pt x 805.0075pt>
File: 1024px-Euler_method.png Graphic file (type png)
<use 1024px-Euler_method.png>
Package pdftex.def Info: 1024px-Euler_method.png  used on input line 134.
(pdftex.def)             Requested size: 308.35437pt x 241.50412pt.

pdfTeX warning (\pdfobj): invalid object number being ignored

pdfTeX warning (\pdfobj): invalid object number being ignored

pdfTeX warning (\pdfobj): invalid object number being ignored

pdfTeX warning (\pdfobj): invalid object number being ignored

pdfTeX warning (\pdfobj): invalid object number being ignored

pdfTeX warning (\pdfobj): invalid object number being ignored

pdfTeX warning (\pdfobj): invalid object number being ignored

pdfTeX warning (\pdfobj): invalid object number being ignored

pdfTeX warning (\pdfobj): invalid object number being ignored
<1024px-Runge-Kutta_slopes.svg.png, id=95, 1027.84pt x 1027.84pt>
File: 1024px-Runge-Kutta_slopes.svg.png Graphic file (type png)
<use 1024px-Runge-Kutta_slopes.svg.png>
Package pdftex.def Info: 1024px-Runge-Kutta_slopes.svg.png  used on input line 163.
(pdftex.def)             Requested size: 308.35437pt x 308.35437pt.

pdfTeX warning (\pdfobj): invalid object number being ignored

pdfTeX warning (\pdfobj): invalid object number being ignored

pdfTeX warning (\pdfobj): invalid object number being ignored
[3 </home/estevao/Projetos/Pendulum/Relatório/1024px-Euler_method.png>]
pdfTeX warning (\pdfobj): invalid object number being ignored

pdfTeX warning (\pdfobj): invalid object number being ignored

pdfTeX warning (\pdfobj): invalid object number being ignored

pdfTeX warning (\pdfobj): invalid object number being ignored

pdfTeX warning (\pdfobj): invalid object number being ignored

pdfTeX warning (\pdfobj): invalid object number being ignored

pdfTeX warning (\pdfobj): invalid object number being ignored

pdfTeX warning (\pdfobj): invalid object number being ignored

pdfTeX warning (\pdfobj): invalid object number being ignored

pdfTeX warning (\pdfobj): invalid object number being ignored

pdfTeX warning (\pdfobj): invalid object number being ignored

pdfTeX warning (\pdfobj): invalid object number being ignored
[4 </home/estevao/Projetos/Pendulum/Relatório/1024px-Runge-Kutta_slopes.svg.png>]
Underfull \hbox (badness 10000) in paragraph at lines 191--206

 []


Underfull \hbox (badness 10000) in paragraph at lines 191--206

 []


Underfull \hbox (badness 10000) in paragraph at lines 191--206

 []


Underfull \hbox (badness 10000) in paragraph at lines 191--206

 []


Underfull \hbox (badness 10000) in paragraph at lines 191--206

 []


Underfull \hbox (badness 10000) in paragraph at lines 191--206

 []


Underfull \hbox (badness 10000) in paragraph at lines 191--206

 []


Underfull \hbox (badness 10000) in paragraph at lines 191--206

 []

[5] (/usr/share/texlive/texmf-dist/tex/latex/listings/lstlang1.sty
File: lstlang1.sty 2020/03/24 1.8d listings language file
)
LaTeX Font Info:    Trying to load font information for T1+newtxtt on input line 207.
 (/usr/share/texlive/texmf-dist/tex/latex/newtxtt/t1newtxtt.fd
File: t1newtxtt.fd 2020/02/15 Font definitions for T1/newtxtt.
)
LaTeX Font Info:    Font shape `T1/newtxtt/m/n' will be
(Font)              scaled to size 12.0pt on input line 207.
LaTeX Font Info:    Font shape `T1/newtxtt/b/n' will be
(Font)              scaled to size 12.0pt on input line 214.

pdfTeX warning (\pdfobj): invalid object number being ignored

pdfTeX warning (\pdfobj): invalid object number being ignored

pdfTeX warning (\pdfobj): invalid object number being ignored
[6] (/home/estevao/Projetos/Pendulum/Relatório/E.pgf
pdfTeX warning (\pdfobj): invalid object number being ignored

pdfTeX warning (\pdfobj): invalid object number being ignored

pdfTeX warning (\pdfobj): invalid object number being ignored

pdfTeX warning (\pdfobj): invalid object number being ignored

pdfTeX warning (\pdfobj): invalid object number being ignored

pdfTeX warning (\pdfobj): invalid object number being ignored

pdfTeX warning (\pdfobj): invalid object number being ignored

pdfTeX warning (\pdfobj): invalid object number being ignored

pdfTeX warning (\pdfobj): invalid object number being ignored

pdfTeX warning (\pdfobj): invalid object number being ignored

pdfTeX warning (\pdfobj): invalid object number being ignored

pdfTeX warning (\pdfobj): invalid object number being ignored
LaTeX Font Info:    Trying to load font information for T1+cmss on input line 84.
(/usr/share/texlive/texmf-dist/tex/latex/base/t1cmss.fd
File: t1cmss.fd 2019/12/16 v2.5j Standard LaTeX font definitions
)
pdfTeX warning (\pdfobj): invalid object number being ignored

pdfTeX warning (\pdfobj): invalid object number being ignored

pdfTeX warning (\pdfobj): invalid object number being ignored

pdfTeX warning (\pdfobj): invalid object number being ignored

pdfTeX warning (\pdfobj): invalid object number being ignored

pdfTeX warning (\pdfobj): invalid object number being ignored

pdfTeX warning (\pdfobj): invalid object number being ignored

pdfTeX warning (\pdfobj): invalid object number being ignored

pdfTeX warning (\pdfobj): invalid object number being ignored

pdfTeX warning (\pdfobj): invalid object number being ignored

pdfTeX warning (\pdfobj): invalid object number being ignored

pdfTeX warning (\pdfobj): invalid object number being ignored

pdfTeX warning (\pdfobj): invalid object number being ignored

pdfTeX warning (\pdfobj): invalid object number being ignored

pdfTeX warning (\pdfobj): invalid object number being ignored

pdfTeX warning (\pdfobj): invalid object number being ignored

pdfTeX warning (\pdfobj): invalid object number being ignored

pdfTeX warning (\pdfobj): invalid object number being ignored

pdfTeX warning (\pdfobj): invalid object number being ignored

pdfTeX warning (\pdfobj): invalid object number being ignored

pdfTeX warning (\pdfobj): invalid object number being ignored

pdfTeX warning (\pdfobj): invalid object number being ignored

pdfTeX warning (\pdfobj): invalid object number being ignored

pdfTeX warning (\pdfobj): invalid object number being ignored

pdfTeX warning (\pdfobj): invalid object number being ignored

pdfTeX warning (\pdfobj): invalid object number being ignored

pdfTeX warning (\pdfobj): invalid object number being ignored

pdfTeX warning (\pdfobj): invalid object number being ignored

pdfTeX warning (\pdfobj): invalid object number being ignored

pdfTeX warning (\pdfobj): invalid object number being ignored

pdfTeX warning (\pdfobj): invalid object number being ignored

pdfTeX warning (\pdfobj): invalid object number being ignored

pdfTeX warning (\pdfobj): invalid object number being ignored

pdfTeX warning (\pdfobj): invalid object number being ignored

pdfTeX warning (\pdfobj): invalid object number being ignored

pdfTeX warning (\pdfobj): invalid object number being ignored

pdfTeX warning (\pdfobj): invalid object number being ignored

pdfTeX warning (\pdfobj): invalid object number being ignored

pdfTeX warning (\pdfobj): invalid object number being ignored

pdfTeX warning (\pdfobj): invalid object number being ignored

pdfTeX warning (\pdfobj): invalid object number being ignored

pdfTeX warning (\pdfobj): invalid object number being ignored

pdfTeX warning (\pdfobj): invalid object number being ignored

pdfTeX warning (\pdfobj): invalid object number being ignored

pdfTeX warning (\pdfobj): invalid object number being ignored

pdfTeX warning (\pdfobj): invalid object number being ignored

pdfTeX warning (\pdfobj): invalid object number being ignored

pdfTeX warning (\pdfobj): invalid object number being ignored

pdfTeX warning (\pdfobj): invalid object number being ignored

pdfTeX warning (\pdfobj): invalid object number being ignored

pdfTeX warning (\pdfobj): invalid object number being ignored

pdfTeX warning (\pdfobj): invalid object number being ignored

pdfTeX warning (\pdfobj): invalid object number being ignored

pdfTeX warning (\pdfobj): invalid object number being ignored

pdfTeX warning (\pdfobj): invalid object number being ignored

pdfTeX warning (\pdfobj): invalid object number being ignored

pdfTeX warning (\pdfobj): invalid object number being ignored

pdfTeX warning (\pdfobj): invalid object number being ignored

pdfTeX warning (\pdfobj): invalid object number being ignored

pdfTeX warning (\pdfobj): invalid object number being ignored

pdfTeX warning (\pdfobj): invalid object number being ignored

pdfTeX warning (\pdfobj): invalid object number being ignored

pdfTeX warning (\pdfobj): invalid object number being ignored

pdfTeX warning (\pdfobj): invalid object number being ignored

pdfTeX warning (\pdfobj): invalid object number being ignored

pdfTeX warning (\pdfobj): invalid object number being ignored

pdfTeX warning (\pdfobj): invalid object number being ignored

pdfTeX warning (\pdfobj): invalid object number being ignored

pdfTeX warning (\pdfobj): invalid object number being ignored

pdfTeX warning (\pdfobj): invalid object number being ignored

pdfTeX warning (\pdfobj): invalid object number being ignored

pdfTeX warning (\pdfobj): invalid object number being ignored

pdfTeX warning (\pdfobj): invalid object number being ignored

pdfTeX warning (\pdfobj): invalid object number being ignored

pdfTeX warning (\pdfobj): invalid object number being ignored

pdfTeX warning (\pdfobj): invalid object number being ignored

pdfTeX warning (\pdfobj): invalid object number being ignored

pdfTeX warning (\pdfobj): invalid object number being ignored

pdfTeX warning (\pdfobj): invalid object number being ignored

pdfTeX warning (\pdfobj): invalid object number being ignored

pdfTeX warning (\pdfobj): invalid object number being ignored

pdfTeX warning (\pdfobj): invalid object number being ignored

pdfTeX warning (\pdfobj): invalid object number being ignored

pdfTeX warning (\pdfobj): invalid object number being ignored

pdfTeX warning (\pdfobj): invalid object number being ignored

pdfTeX warning (\pdfobj): invalid object number being ignored

pdfTeX warning (\pdfobj): invalid object number being ignored

pdfTeX warning (\pdfobj): invalid object number being ignored

pdfTeX warning (\pdfobj): invalid object number being ignored

pdfTeX warning (\pdfobj): invalid object number being ignored

pdfTeX warning (\pdfobj): invalid object number being ignored

pdfTeX warning (\pdfobj): invalid object number being ignored

pdfTeX warning (\pdfobj): invalid object number being ignored

pdfTeX warning (\pdfobj): invalid object number being ignored

pdfTeX warning (\pdfobj): invalid object number being ignored

pdfTeX warning (\pdfobj): invalid object number being ignored

pdfTeX warning (\pdfobj): invalid object number being ignored

pdfTeX warning (\pdfobj): invalid object number being ignored

pdfTeX warning (\pdfobj): invalid object number being ignored

pdfTeX warning (\pdfobj): invalid object number being ignored

pdfTeX warning (\pdfobj): invalid object number being ignored

pdfTeX warning (\pdfobj): invalid object number being ignored

pdfTeX warning (\pdfobj): invalid object number being ignored

pdfTeX warning (\pdfobj): invalid object number being ignored

pdfTeX warning (\pdfobj): invalid object number being ignored

pdfTeX warning (\pdfobj): invalid object number being ignored

pdfTeX warning (\pdfobj): invalid object number being ignored

pdfTeX warning (\pdfobj): invalid object number being ignored

pdfTeX warning (\pdfobj): invalid object number being ignored

pdfTeX warning (\pdfobj): invalid object number being ignored

pdfTeX warning (\pdfobj): invalid object number being ignored

pdfTeX warning (\pdfobj): invalid object number being ignored

pdfTeX warning (\pdfobj): invalid object number being ignored

pdfTeX warning (\pdfobj): invalid object number being ignored

pdfTeX warning (\pdfobj): invalid object number being ignored

pdfTeX warning (\pdfobj): invalid object number being ignored

pdfTeX warning (\pdfobj): invalid object number being ignored

pdfTeX warning (\pdfobj): invalid object number being ignored

pdfTeX warning (\pdfobj): invalid object number being ignored

pdfTeX warning (\pdfobj): invalid object number being ignored

pdfTeX warning (\pdfobj): invalid object number being ignored

pdfTeX warning (\pdfobj): invalid object number being ignored

pdfTeX warning (\pdfobj): invalid object number being ignored

pdfTeX warning (\pdfobj): invalid object number being ignored

pdfTeX warning (\pdfobj): invalid object number being ignored

pdfTeX warning (\pdfobj): invalid object number being ignored

pdfTeX warning (\pdfobj): invalid object number being ignored

pdfTeX warning (\pdfobj): invalid object number being ignored

pdfTeX warning (\pdfobj): invalid object number being ignored

pdfTeX warning (\pdfobj): invalid object number being ignored

pdfTeX warning (\pdfobj): invalid object number being ignored

pdfTeX warning (\pdfobj): invalid object number being ignored

pdfTeX warning (\pdfobj): invalid object number being ignored

pdfTeX warning (\pdfobj): invalid object number being ignored

pdfTeX warning (\pdfobj): invalid object number being ignored

pdfTeX warning (\pdfobj): invalid object number being ignored

pdfTeX warning (\pdfobj): invalid object number being ignored

pdfTeX warning (\pdfobj): invalid object number being ignored

pdfTeX warning (\pdfobj): invalid object number being ignored

pdfTeX warning (\pdfobj): invalid object number being ignored

pdfTeX warning (\pdfobj): invalid object number being ignored

pdfTeX warning (\pdfobj): invalid object number being ignored

pdfTeX warning (\pdfobj): invalid object number being ignored

pdfTeX warning (\pdfobj): invalid object number being ignored

pdfTeX warning (\pdfobj): invalid object number being ignored

pdfTeX warning (\pdfobj): invalid object number being ignored

pdfTeX warning (\pdfobj): invalid object number being ignored

pdfTeX warning (\pdfobj): invalid object number being ignored

pdfTeX warning (\pdfobj): invalid object number being ignored

pdfTeX warning (\pdfobj): invalid object number being ignored

pdfTeX warning (\pdfobj): invalid object number being ignored

pdfTeX warning (\pdfobj): invalid object number being ignored

pdfTeX warning (\pdfobj): invalid object number being ignored
)
pdfTeX warning (\pdfobj): invalid object number being ignored

pdfTeX warning (\pdfobj): invalid object number being ignored

pdfTeX warning (\pdfobj): invalid object number being ignored
(/home/estevao/Projetos/Pendulum/Relatório/A.pgf
pdfTeX warning (\pdfobj): invalid object number being ignored

pdfTeX warning (\pdfobj): invalid object number being ignored

pdfTeX warning (\pdfobj): invalid object number being ignored

pdfTeX warning (\pdfobj): invalid object number being ignored

pdfTeX warning (\pdfobj): invalid object number being ignored

pdfTeX warning (\pdfobj): invalid object number being ignored

pdfTeX warning (\pdfobj): invalid object number being ignored

pdfTeX warning (\pdfobj): invalid object number being ignored

pdfTeX warning (\pdfobj): invalid object number being ignored

pdfTeX warning (\pdfobj): invalid object number being ignored

pdfTeX warning (\pdfobj): invalid object number being ignored

pdfTeX warning (\pdfobj): invalid object number being ignored

pdfTeX warning (\pdfobj): invalid object number being ignored

pdfTeX warning (\pdfobj): invalid object number being ignored

pdfTeX warning (\pdfobj): invalid object number being ignored

pdfTeX warning (\pdfobj): invalid object number being ignored

pdfTeX warning (\pdfobj): invalid object number being ignored

pdfTeX warning (\pdfobj): invalid object number being ignored

pdfTeX warning (\pdfobj): invalid object number being ignored

pdfTeX warning (\pdfobj): invalid object number being ignored

pdfTeX warning (\pdfobj): invalid object number being ignored

pdfTeX warning (\pdfobj): invalid object number being ignored

pdfTeX warning (\pdfobj): invalid object number being ignored

pdfTeX warning (\pdfobj): invalid object number being ignored

pdfTeX warning (\pdfobj): invalid object number being ignored

pdfTeX warning (\pdfobj): invalid object number being ignored

pdfTeX warning (\pdfobj): invalid object number being ignored

pdfTeX warning (\pdfobj): invalid object number being ignored

pdfTeX warning (\pdfobj): invalid object number being ignored

pdfTeX warning (\pdfobj): invalid object number being ignored

pdfTeX warning (\pdfobj): invalid object number being ignored

pdfTeX warning (\pdfobj): invalid object number being ignored

pdfTeX warning (\pdfobj): invalid object number being ignored

pdfTeX warning (\pdfobj): invalid object number being ignored

pdfTeX warning (\pdfobj): invalid object number being ignored

pdfTeX warning (\pdfobj): invalid object number being ignored

pdfTeX warning (\pdfobj): invalid object number being ignored

pdfTeX warning (\pdfobj): invalid object number being ignored

pdfTeX warning (\pdfobj): invalid object number being ignored

pdfTeX warning (\pdfobj): invalid object number being ignored

pdfTeX warning (\pdfobj): invalid object number being ignored

pdfTeX warning (\pdfobj): invalid object number being ignored

pdfTeX warning (\pdfobj): invalid object number being ignored

pdfTeX warning (\pdfobj): invalid object number being ignored

pdfTeX warning (\pdfobj): invalid object number being ignored

pdfTeX warning (\pdfobj): invalid object number being ignored

pdfTeX warning (\pdfobj): invalid object number being ignored

pdfTeX warning (\pdfobj): invalid object number being ignored

pdfTeX warning (\pdfobj): invalid object number being ignored

pdfTeX warning (\pdfobj): invalid object number being ignored

pdfTeX warning (\pdfobj): invalid object number being ignored

pdfTeX warning (\pdfobj): invalid object number being ignored

pdfTeX warning (\pdfobj): invalid object number being ignored

pdfTeX warning (\pdfobj): invalid object number being ignored

pdfTeX warning (\pdfobj): invalid object number being ignored

pdfTeX warning (\pdfobj): invalid object number being ignored

pdfTeX warning (\pdfobj): invalid object number being ignored

pdfTeX warning (\pdfobj): invalid object number being ignored

pdfTeX warning (\pdfobj): invalid object number being ignored

pdfTeX warning (\pdfobj): invalid object number being ignored

pdfTeX warning (\pdfobj): invalid object number being ignored

pdfTeX warning (\pdfobj): invalid object number being ignored

pdfTeX warning (\pdfobj): invalid object number being ignored

pdfTeX warning (\pdfobj): invalid object number being ignored

pdfTeX warning (\pdfobj): invalid object number being ignored

pdfTeX warning (\pdfobj): invalid object number being ignored

pdfTeX warning (\pdfobj): invalid object number being ignored

pdfTeX warning (\pdfobj): invalid object number being ignored

pdfTeX warning (\pdfobj): invalid object number being ignored
LaTeX Font Info:    Calculating math sizes for size <30> on input line 240.

LaTeX Font Warning: Font shape `OT1/cmr/m/n' in size <30> not available
(Font)              size <24.88> substituted on input line 240.


LaTeX Font Warning: Font shape `OT1/cmr/m/n' in size <15> not available
(Font)              size <14.4> substituted on input line 240.


LaTeX Font Warning: Font shape `OML/cmm/m/it' in size <30> not available
(Font)              size <24.88> substituted on input line 240.


LaTeX Font Warning: Font shape `OML/cmm/m/it' in size <15> not available
(Font)              size <14.4> substituted on input line 240.


LaTeX Font Warning: Font shape `OMS/cmsy/m/n' in size <30> not available
(Font)              size <24.88> substituted on input line 240.


LaTeX Font Warning: Font shape `OMS/cmsy/m/n' in size <15> not available
(Font)              size <14.4> substituted on input line 240.


pdfTeX warning (\pdfobj): invalid object number being ignored

pdfTeX warning (\pdfobj): invalid object number being ignored

pdfTeX warning (\pdfobj): invalid object number being ignored

pdfTeX warning (\pdfobj): invalid object number being ignored

pdfTeX warning (\pdfobj): invalid object number being ignored

pdfTeX warning (\pdfobj): invalid object number being ignored

pdfTeX warning (\pdfobj): invalid object number being ignored

pdfTeX warning (\pdfobj): invalid object number being ignored

pdfTeX warning (\pdfobj): invalid object number being ignored

pdfTeX warning (\pdfobj): invalid object number being ignored

pdfTeX warning (\pdfobj): invalid object number being ignored

pdfTeX warning (\pdfobj): invalid object number being ignored

pdfTeX warning (\pdfobj): invalid object number being ignored

pdfTeX warning (\pdfobj): invalid object number being ignored

pdfTeX warning (\pdfobj): invalid object number being ignored

pdfTeX warning (\pdfobj): invalid object number being ignored

pdfTeX warning (\pdfobj): invalid object number being ignored

pdfTeX warning (\pdfobj): invalid object number being ignored

pdfTeX warning (\pdfobj): invalid object number being ignored

pdfTeX warning (\pdfobj): invalid object number being ignored

pdfTeX warning (\pdfobj): invalid object number being ignored

pdfTeX warning (\pdfobj): invalid object number being ignored

pdfTeX warning (\pdfobj): invalid object number being ignored

pdfTeX warning (\pdfobj): invalid object number being ignored

pdfTeX warning (\pdfobj): invalid object number being ignored

pdfTeX warning (\pdfobj): invalid object number being ignored

pdfTeX warning (\pdfobj): invalid object number being ignored

pdfTeX warning (\pdfobj): invalid object number being ignored

pdfTeX warning (\pdfobj): invalid object number being ignored

pdfTeX warning (\pdfobj): invalid object number being ignored

pdfTeX warning (\pdfobj): invalid object number being ignored

pdfTeX warning (\pdfobj): invalid object number being ignored

pdfTeX warning (\pdfobj): invalid object number being ignored

pdfTeX warning (\pdfobj): invalid object number being ignored

pdfTeX warning (\pdfobj): invalid object number being ignored

pdfTeX warning (\pdfobj): invalid object number being ignored

pdfTeX warning (\pdfobj): invalid object number being ignored

pdfTeX warning (\pdfobj): invalid object number being ignored

pdfTeX warning (\pdfobj): invalid object number being ignored

pdfTeX warning (\pdfobj): invalid object number being ignored

pdfTeX warning (\pdfobj): invalid object number being ignored

pdfTeX warning (\pdfobj): invalid object number being ignored

pdfTeX warning (\pdfobj): invalid object number being ignored

pdfTeX warning (\pdfobj): invalid object number being ignored

pdfTeX warning (\pdfobj): invalid object number being ignored

pdfTeX warning (\pdfobj): invalid object number being ignored

pdfTeX warning (\pdfobj): invalid object number being ignored

pdfTeX warning (\pdfobj): invalid object number being ignored

pdfTeX warning (\pdfobj): invalid object number being ignored

pdfTeX warning (\pdfobj): invalid object number being ignored

pdfTeX warning (\pdfobj): invalid object number being ignored

pdfTeX warning (\pdfobj): invalid object number being ignored

pdfTeX warning (\pdfobj): invalid object number being ignored

pdfTeX warning (\pdfobj): invalid object number being ignored

pdfTeX warning (\pdfobj): invalid object number being ignored

pdfTeX warning (\pdfobj): invalid object number being ignored

pdfTeX warning (\pdfobj): invalid object number being ignored

pdfTeX warning (\pdfobj): invalid object number being ignored

pdfTeX warning (\pdfobj): invalid object number being ignored

pdfTeX warning (\pdfobj): invalid object number being ignored

pdfTeX warning (\pdfobj): invalid object number being ignored

pdfTeX warning (\pdfobj): invalid object number being ignored

pdfTeX warning (\pdfobj): invalid object number being ignored

pdfTeX warning (\pdfobj): invalid object number being ignored

pdfTeX warning (\pdfobj): invalid object number being ignored

pdfTeX warning (\pdfobj): invalid object number being ignored

pdfTeX warning (\pdfobj): invalid object number being ignored

pdfTeX warning (\pdfobj): invalid object number being ignored

pdfTeX warning (\pdfobj): invalid object number being ignored

pdfTeX warning (\pdfobj): invalid object number being ignored

pdfTeX warning (\pdfobj): invalid object number being ignored

pdfTeX warning (\pdfobj): invalid object number being ignored

pdfTeX warning (\pdfobj): invalid object number being ignored

pdfTeX warning (\pdfobj): invalid object number being ignored

pdfTeX warning (\pdfobj): invalid object number being ignored

pdfTeX warning (\pdfobj): invalid object number being ignored

pdfTeX warning (\pdfobj): invalid object number being ignored

pdfTeX warning (\pdfobj): invalid object number being ignored
)
pdfTeX warning (\pdfobj): invalid object number being ignored

pdfTeX warning (\pdfobj): invalid object number being ignored

pdfTeX warning (\pdfobj): invalid object number being ignored
(/home/estevao/Projetos/Pendulum/Relatório/P.pgf
pdfTeX warning (\pdfobj): invalid object number being ignored

pdfTeX warning (\pdfobj): invalid object number being ignored

pdfTeX warning (\pdfobj): invalid object number being ignored

pdfTeX warning (\pdfobj): invalid object number being ignored

pdfTeX warning (\pdfobj): invalid object number being ignored

pdfTeX warning (\pdfobj): invalid object number being ignored

pdfTeX warning (\pdfobj): invalid object number being ignored

pdfTeX warning (\pdfobj): invalid object number being ignored

pdfTeX warning (\pdfobj): invalid object number being ignored

pdfTeX warning (\pdfobj): invalid object number being ignored

pdfTeX warning (\pdfobj): invalid object number being ignored

pdfTeX warning (\pdfobj): invalid object number being ignored

pdfTeX warning (\pdfobj): invalid object number being ignored

pdfTeX warning (\pdfobj): invalid object number being ignored

pdfTeX warning (\pdfobj): invalid object number being ignored

pdfTeX warning (\pdfobj): invalid object number being ignored

pdfTeX warning (\pdfobj): invalid object number being ignored

pdfTeX warning (\pdfobj): invalid object number being ignored

pdfTeX warning (\pdfobj): invalid object number being ignored

pdfTeX warning (\pdfobj): invalid object number being ignored

pdfTeX warning (\pdfobj): invalid object number being ignored

pdfTeX warning (\pdfobj): invalid object number being ignored

pdfTeX warning (\pdfobj): invalid object number being ignored

pdfTeX warning (\pdfobj): invalid object number being ignored

pdfTeX warning (\pdfobj): invalid object number being ignored

pdfTeX warning (\pdfobj): invalid object number being ignored

pdfTeX warning (\pdfobj): invalid object number being ignored

pdfTeX warning (\pdfobj): invalid object number being ignored

pdfTeX warning (\pdfobj): invalid object number being ignored

pdfTeX warning (\pdfobj): invalid object number being ignored

pdfTeX warning (\pdfobj): invalid object number being ignored

pdfTeX warning (\pdfobj): invalid object number being ignored

pdfTeX warning (\pdfobj): invalid object number being ignored

pdfTeX warning (\pdfobj): invalid object number being ignored

pdfTeX warning (\pdfobj): invalid object number being ignored

pdfTeX warning (\pdfobj): invalid object number being ignored

pdfTeX warning (\pdfobj): invalid object number being ignored

pdfTeX warning (\pdfobj): invalid object number being ignored

pdfTeX warning (\pdfobj): invalid object number being ignored

pdfTeX warning (\pdfobj): invalid object number being ignored

pdfTeX warning (\pdfobj): invalid object number being ignored

pdfTeX warning (\pdfobj): invalid object number being ignored

pdfTeX warning (\pdfobj): invalid object number being ignored

pdfTeX warning (\pdfobj): invalid object number being ignored

pdfTeX warning (\pdfobj): invalid object number being ignored

pdfTeX warning (\pdfobj): invalid object number being ignored

pdfTeX warning (\pdfobj): invalid object number being ignored

pdfTeX warning (\pdfobj): invalid object number being ignored

pdfTeX warning (\pdfobj): invalid object number being ignored

pdfTeX warning (\pdfobj): invalid object number being ignored

pdfTeX warning (\pdfobj): invalid object number being ignored

pdfTeX warning (\pdfobj): invalid object number being ignored

pdfTeX warning (\pdfobj): invalid object number being ignored

pdfTeX warning (\pdfobj): invalid object number being ignored

pdfTeX warning (\pdfobj): invalid object number being ignored

pdfTeX warning (\pdfobj): invalid object number being ignored

pdfTeX warning (\pdfobj): invalid object number being ignored

pdfTeX warning (\pdfobj): invalid object number being ignored

pdfTeX warning (\pdfobj): invalid object number being ignored

pdfTeX warning (\pdfobj): invalid object number being ignored

pdfTeX warning (\pdfobj): invalid object number being ignored

pdfTeX warning (\pdfobj): invalid object number being ignored

pdfTeX warning (\pdfobj): invalid object number being ignored

pdfTeX warning (\pdfobj): invalid object number being ignored

pdfTeX warning (\pdfobj): invalid object number being ignored

pdfTeX warning (\pdfobj): invalid object number being ignored

pdfTeX warning (\pdfobj): invalid object number being ignored

pdfTeX warning (\pdfobj): invalid object number being ignored

pdfTeX warning (\pdfobj): invalid object number being ignored

pdfTeX warning (\pdfobj): invalid object number being ignored

pdfTeX warning (\pdfobj): invalid object number being ignored

pdfTeX warning (\pdfobj): invalid object number being ignored

pdfTeX warning (\pdfobj): invalid object number being ignored

pdfTeX warning (\pdfobj): invalid object number being ignored

pdfTeX warning (\pdfobj): invalid object number being ignored

pdfTeX warning (\pdfobj): invalid object number being ignored

pdfTeX warning (\pdfobj): invalid object number being ignored

pdfTeX warning (\pdfobj): invalid object number being ignored

pdfTeX warning (\pdfobj): invalid object number being ignored

pdfTeX warning (\pdfobj): invalid object number being ignored

pdfTeX warning (\pdfobj): invalid object number being ignored

pdfTeX warning (\pdfobj): invalid object number being ignored

pdfTeX warning (\pdfobj): invalid object number being ignored

pdfTeX warning (\pdfobj): invalid object number being ignored

pdfTeX warning (\pdfobj): invalid object number being ignored

pdfTeX warning (\pdfobj): invalid object number being ignored

pdfTeX warning (\pdfobj): invalid object number being ignored

pdfTeX warning (\pdfobj): invalid object number being ignored

pdfTeX warning (\pdfobj): invalid object number being ignored

pdfTeX warning (\pdfobj): invalid object number being ignored

pdfTeX warning (\pdfobj): invalid object number being ignored

pdfTeX warning (\pdfobj): invalid object number being ignored

pdfTeX warning (\pdfobj): invalid object number being ignored

pdfTeX warning (\pdfobj): invalid object number being ignored

pdfTeX warning (\pdfobj): invalid object number being ignored

pdfTeX warning (\pdfobj): invalid object number being ignored

pdfTeX warning (\pdfobj): invalid object number being ignored

pdfTeX warning (\pdfobj): invalid object number being ignored

pdfTeX warning (\pdfobj): invalid object number being ignored

pdfTeX warning (\pdfobj): invalid object number being ignored

pdfTeX warning (\pdfobj): invalid object number being ignored

pdfTeX warning (\pdfobj): invalid object number being ignored

pdfTeX warning (\pdfobj): invalid object number being ignored

pdfTeX warning (\pdfobj): invalid object number being ignored

pdfTeX warning (\pdfobj): invalid object number being ignored

pdfTeX warning (\pdfobj): invalid object number being ignored

pdfTeX warning (\pdfobj): invalid object number being ignored

pdfTeX warning (\pdfobj): invalid object number being ignored

pdfTeX warning (\pdfobj): invalid object number being ignored

pdfTeX warning (\pdfobj): invalid object number being ignored

pdfTeX warning (\pdfobj): invalid object number being ignored

pdfTeX warning (\pdfobj): invalid object number being ignored

pdfTeX warning (\pdfobj): invalid object number being ignored

pdfTeX warning (\pdfobj): invalid object number being ignored

pdfTeX warning (\pdfobj): invalid object number being ignored

pdfTeX warning (\pdfobj): invalid object number being ignored

pdfTeX warning (\pdfobj): invalid object number being ignored

pdfTeX warning (\pdfobj): invalid object number being ignored

pdfTeX warning (\pdfobj): invalid object number being ignored

pdfTeX warning (\pdfobj): invalid object number being ignored

pdfTeX warning (\pdfobj): invalid object number being ignored

pdfTeX warning (\pdfobj): invalid object number being ignored

pdfTeX warning (\pdfobj): invalid object number being ignored

pdfTeX warning (\pdfobj): invalid object number being ignored

pdfTeX warning (\pdfobj): invalid object number being ignored

pdfTeX warning (\pdfobj): invalid object number being ignored

pdfTeX warning (\pdfobj): invalid object number being ignored

pdfTeX warning (\pdfobj): invalid object number being ignored

pdfTeX warning (\pdfobj): invalid object number being ignored

pdfTeX warning (\pdfobj): invalid object number being ignored

pdfTeX warning (\pdfobj): invalid object number being ignored

pdfTeX warning (\pdfobj): invalid object number being ignored

pdfTeX warning (\pdfobj): invalid object number being ignored

pdfTeX warning (\pdfobj): invalid object number being ignored

pdfTeX warning (\pdfobj): invalid object number being ignored

pdfTeX warning (\pdfobj): invalid object number being ignored

pdfTeX warning (\pdfobj): invalid object number being ignored

pdfTeX warning (\pdfobj): invalid object number being ignored

pdfTeX warning (\pdfobj): invalid object number being ignored

pdfTeX warning (\pdfobj): invalid object number being ignored

pdfTeX warning (\pdfobj): invalid object number being ignored

pdfTeX warning (\pdfobj): invalid object number being ignored

pdfTeX warning (\pdfobj): invalid object number being ignored

pdfTeX warning (\pdfobj): invalid object number being ignored

pdfTeX warning (\pdfobj): invalid object number being ignored

pdfTeX warning (\pdfobj): invalid object number being ignored

pdfTeX warning (\pdfobj): invalid object number being ignored
)
pdfTeX warning (\pdfobj): invalid object number being ignored

pdfTeX warning (\pdfobj): invalid object number being ignored

pdfTeX warning (\pdfobj): invalid object number being ignored
[7] [8]
pdfTeX warning (\pdfobj): invalid object number being ignored

pdfTeX warning (\pdfobj): invalid object number being ignored

pdfTeX warning (\pdfobj): invalid object number being ignored
[9] [10] [11] (/home/estevao/Projetos/Pendulum/Relatório/Projeto1.bbl
pdfTeX warning (\pdfobj): invalid object number being ignored

pdfTeX warning (\pdfobj): invalid object number being ignored

pdfTeX warning (\pdfobj): invalid object number being ignored
)
pdfTeX warning (\pdfobj): invalid object number being ignored

pdfTeX warning (\pdfobj): invalid object number being ignored

pdfTeX warning (\pdfobj): invalid object number being ignored
[12] (/home/estevao/Projetos/Pendulum/Relatório/Projeto1.aux)

LaTeX Font Warning: Size substitutions with differences
(Font)              up to 5.12pt have occurred.

 ) 
Here is how much of TeX's memory you used:
 15815 strings out of 479304
 270976 string characters out of 5869779
 791092 words of memory out of 5000000
 32675 multiletter control sequences out of 15000+600000
 424948 words of font info for 86 fonts, out of 8000000 for 9000
 1141 hyphenation exceptions out of 8191
 81i,17n,89p,461b,1287s stack positions out of 5000i,500n,10000p,200000b,80000s
{/usr/share/texmf/fonts/enc/dvips/cm-super/cm-super-t1.enc}{/usr/share/texlive/texmf-dist/fonts/enc/dvips/newtxtt/txttAec.enc}</usr/share/texlive/texmf-dist/fonts/type1/public/amsfonts/cm/cmex10.pfb></usr/share/texlive/texmf-dist/fonts/type1/public/amsfonts/cm/cmmi12.pfb></usr/share/texlive/texmf-dist/fonts/type1/public/amsfonts/cm/cmmi8.pfb></usr/share/texlive/texmf-dist/fonts/type1/public/amsfonts/cm/cmr12.pfb></usr/share/texlive/texmf-dist/fonts/type1/public/amsfonts/cm/cmr8.pfb></usr/share/texlive/texmf-dist/fonts/type1/public/amsfonts/cm/cmsy10.pfb></usr/share/texlive/texmf-dist/fonts/type1/public/amsfonts/cm/cmsy8.pfb></usr/share/texlive/texmf-dist/fonts/type1/public/newtxtt/newtxbtt.pfb></usr/share/texlive/texmf-dist/fonts/type1/public/newtxtt/newtxtt.pfb></usr/share/texmf/fonts/type1/public/cm-super/sfbx1440.pfb></usr/share/texmf/fonts/type1/public/cm-super/sfbx1728.pfb></usr/share/texmf/fonts/type1/public/cm-super/sfbx2488.pfb></usr/share/texmf/fonts/type1/public/cm-super/sfrm1200.pfb></usr/share/texmf/fonts/type1/public/cm-super/sfrm1440.pfb></usr/share/texmf/fonts/type1/public/cm-super/sfrm2074.pfb></usr/share/texmf/fonts/type1/public/cm-super/sfss2986.pfb></usr/share/texmf/fonts/type1/public/cm-super/sfti1200.pfb>
Output written on /home/estevao/Projetos/Pendulum/Relatório/Projeto1.pdf (13 pages, 326319 bytes).
PDF statistics:
 691 PDF objects out of 1000 (max. 8388607)
 649 compressed objects within 7 object streams
 0 named destinations out of 1000 (max. 500000)
 2267 words of extra memory for PDF output out of 10000 (max. 10000000)

